Global seed set to 13
/cellar/users/aklie/opt/miniconda3/envs/pytorch_dev/lib/python3.7/site-packages/torchmetrics/utilities/prints.py:36: UserWarning: Metric `AUROC` will save all targets and predictions in buffer. For large datasets this may lead to large memory footprint.
  warnings.warn(*args, **kwargs)
GPU available: True, used: True
TPU available: False, using: 0 TPU cores
IPU available: False, using: 0 IPUs
LOCAL_RANK: 0 - CUDA_VISIBLE_DEVICES: [0]
Set SLURM handle signals.

  | Name     | Type                      | Params
-------------------------------------------------------
0 | convnet  | BasicConv1D               | 12.4 K
1 | fcnet    | BasicFullyConnectedModule | 4.3 M 
2 | accuracy | Accuracy                  | 0     
3 | auroc    | AUROC                     | 0     
-------------------------------------------------------
4.3 M     Trainable params
0         Non-trainable params
4.3 M     Total params
17.376    Total estimated model params size (MB)
Global seed set to 13
